Using pre-set license
Built from '2020.3/staging' branch; Version is '2020.3.13f1 (71691879b7f5) revision 7432472'; Using compiler version '192528614'; Build Type 'Release'
OS: 'Windows 10 Pro; OS build 19043.1348; Version 2009; 64bit' Language: 'zh' Physical Memory: 16315 MB
BatchMode: 1, IsHumanControllingUs: 0, StartBugReporterOnCrash: 0, Is64bit: 1, IsPro: 0

 COMMAND LINE ARGUMENTS:
D:\3D\Unity Hub\Unity\Hub\Editor\2020.3.13f1\Editor\Unity.exe
-adb2
-batchMode
-noUpm
-name
AssetImportWorker0
-projectPath
D:/unity/20210919/smallbetturgame/smallbuttergame/smailbuttergame2021
-logFile
Logs/AssetImportWorker0.log
-srvPort
58511
Successfully changed project path to: D:/unity/20210919/smallbetturgame/smallbuttergame/smailbuttergame2021
D:/unity/20210919/smallbetturgame/smallbuttergame/smailbuttergame2021
Using Asset Import Pipeline V2.
Refreshing native plugins compatible for Editor in 36.96 ms, found 3 plugins.
Preloading 0 native plugins for Editor in 0.00 ms.
Initialize engine version: 2020.3.13f1 (71691879b7f5)
[Subsystems] Discovering subsystems at path D:/3D/Unity Hub/Unity/Hub/Editor/2020.3.13f1/Editor/Data/Resources/UnitySubsystems
[Subsystems] Discovering subsystems at path D:/unity/20210919/smallbetturgame/smallbuttergame/smailbuttergame2021/Assets
GfxDevice: creating device client; threaded=0
Direct3D:
    Version:  Direct3D 11.0 [level 11.1]
    Renderer: NVIDIA GeForce RTX 2060 (ID=0x1e89)
    Vendor:   
    VRAM:     5974 MB
    Driver:   30.0.14.7212
Initialize mono
Mono path[0] = 'D:/3D/Unity Hub/Unity/Hub/Editor/2020.3.13f1/Editor/Data/Managed'
Mono path[1] = 'D:/3D/Unity Hub/Unity/Hub/Editor/2020.3.13f1/Editor/Data/MonoBleedingEdge/lib/mono/unityjit'
Mono config path = 'D:/3D/Unity Hub/Unity/Hub/Editor/2020.3.13f1/Editor/Data/MonoBleedingEdge/etc'
Using monoOptions --debugger-agent=transport=dt_socket,embedding=1,server=y,suspend=n,address=127.0.0.1:56056
Begin MonoManager ReloadAssembly
Registering precompiled unity dll's ...
Register platform support module: D:/3D/Unity Hub/Unity/Hub/Editor/2020.3.13f1/Editor/Data/PlaybackEngines/WindowsStandaloneSupport/UnityEditor.WindowsStandalone.Extensions.dll
Register platform support module: D:/3D/Unity Hub/Unity/Hub/Editor/2020.3.13f1/Editor/Data/PlaybackEngines/LuminSupport/UnityEditor.Lumin.Extensions.dll
Registered in 0.002434 seconds.
Native extension for Lumin target not found
Native extension for WindowsStandalone target not found
Refreshing native plugins compatible for Editor in 36.45 ms, found 3 plugins.
Preloading 0 native plugins for Editor in 0.00 ms.
Mono: successfully reloaded assembly
- Completed reload, in  1.168 seconds
Platform modules already initialized, skipping
Registering precompiled user dll's ...
Registered in 0.003550 seconds.
Begin MonoManager ReloadAssembly
Native extension for Lumin target not found
Native extension for WindowsStandalone target not found
Refreshing native plugins compatible for Editor in 39.21 ms, found 3 plugins.
Preloading 0 native plugins for Editor in 0.00 ms.
Mono: successfully reloaded assembly
- Completed reload, in  1.002 seconds
Platform modules already initialized, skipping
========================================================================
Worker process is ready to serve import requests
Launched and connected shader compiler UnityShaderCompiler.exe after 0.05 seconds
Refreshing native plugins compatible for Editor in 0.47 ms, found 3 plugins.
Preloading 0 native plugins for Editor in 0.00 ms.
Unloading 2084 Unused Serialized files (Serialized files now loaded: 0)
System memory in use before: 95.7 MB.
System memory in use after: 95.7 MB.

Unloading 32 unused Assets to reduce memory usage. Loaded Objects now: 2521.
Total: 2.285400 ms (FindLiveObjects: 0.215400 ms CreateObjectMapping: 0.056200 ms MarkObjects: 1.863700 ms  DeleteObjects: 0.148700 ms)

AssetImportParameters requested are different than current active one (requested -> active):
  custom:framework-win-MediaFoundation: 216162199b28c13a410421893ffa2e32 -> 
  custom:video-decoder-ogg-theora: a1e56fd34408186e4bbccfd4996cb3dc -> 
  custom:container-muxer-webm: aa71ff27fc2769a1b78a27578f13a17b -> 
  custom:container-demuxer-webm: 4f35f7cbe854078d1ac9338744f61a02 -> 
  custom:container-demuxer-ogg: 62fdf1f143b41e24485cea50d1cbac27 -> 
  custom:video-encoder-webm-vp8: eb34c28f22e8b96e1ab97ce403110664 -> 
  custom:video-decoder-webm-vp8: 9c59270c3fd7afecdb556c50c9e8de78 -> 
  custom:audio-decoder-ogg-vorbis: bf7c407c2cedff20999df2af8eb42d56 -> 
  custom:audio-encoder-webm-vorbis: bf7c407c2cedff20999df2af8eb42d56 -> 
========================================================================
Received Import Request.
  path: Assets/調色盤/森林.prefab
  artifactKey: Guid(5ab3ae9e507f2744089113d5cad8f775) Importer(815301076,1909f56bfc062723c751e8b465ee728b)
Start importing Assets/調色盤/森林.prefab using Guid(5ab3ae9e507f2744089113d5cad8f775) Importer(815301076,1909f56bfc062723c751e8b465ee728b)  -> (artifact id: 'c759e709735b4d176582c9206d3b1e5e') in 0.035520 seconds 
  Import took 0.038567 seconds .

========================================================================
Received Import Request.
  Time since last request: 0.000279 seconds.
  path: Assets/調色盤/TileB_180.asset
  artifactKey: Guid(5c6b57bdb2953eb4aa34dff9f177a7e3) Importer(815301076,1909f56bfc062723c751e8b465ee728b)
Start importing Assets/調色盤/TileB_180.asset using Guid(5c6b57bdb2953eb4aa34dff9f177a7e3) Importer(815301076,1909f56bfc062723c751e8b465ee728b)  -> (artifact id: '50afd52e472d43254e254965b7a29eaf') in 0.043485 seconds 
  Import took 0.046557 seconds .

========================================================================
Received Import Request.
  Time since last request: 6.080307 seconds.
  path: Assets/調色盤/lan.png
  artifactKey: Guid(343cdd4b6f91f8b4aaaba7d9da76c949) Importer(815301076,1909f56bfc062723c751e8b465ee728b)
Start importing Assets/調色盤/lan.png using Guid(343cdd4b6f91f8b4aaaba7d9da76c949) Importer(815301076,1909f56bfc062723c751e8b465ee728b)  -> (artifact id: 'd0806fb51537045b999c5294f9f9022b') in 0.034255 seconds 
  Import took 0.037357 seconds .

========================================================================
Received Import Request.
  Time since last request: 0.001232 seconds.
  path: Assets/調色盤/lan.png
  artifactKey: Guid(343cdd4b6f91f8b4aaaba7d9da76c949) Importer(815301076,1909f56bfc062723c751e8b465ee728b)
Start importing Assets/調色盤/lan.png using Guid(343cdd4b6f91f8b4aaaba7d9da76c949) Importer(815301076,1909f56bfc062723c751e8b465ee728b)  -> (artifact id: 'd0806fb51537045b999c5294f9f9022b') in 0.009510 seconds 
  Import took 0.012701 seconds .

========================================================================
Received Import Request.
  Time since last request: 16.921240 seconds.
  path: Assets/調色盤/lan.png
  artifactKey: Guid(343cdd4b6f91f8b4aaaba7d9da76c949) Importer(815301076,1909f56bfc062723c751e8b465ee728b)
Start importing Assets/調色盤/lan.png using Guid(343cdd4b6f91f8b4aaaba7d9da76c949) Importer(815301076,1909f56bfc062723c751e8b465ee728b)  -> (artifact id: 'f019875531fa69b8324f180a96744ccc') in 0.010786 seconds 
  Import took 0.013806 seconds .

========================================================================
Received Import Request.
  Time since last request: 8.000947 seconds.
  path: Assets/調色盤/lan.png
  artifactKey: Guid(343cdd4b6f91f8b4aaaba7d9da76c949) Importer(815301076,1909f56bfc062723c751e8b465ee728b)
Start importing Assets/調色盤/lan.png using Guid(343cdd4b6f91f8b4aaaba7d9da76c949) Importer(815301076,1909f56bfc062723c751e8b465ee728b)  -> (artifact id: '7a92fc5ce329b7a57f956f8af4e108c5') in 0.011590 seconds 
  Import took 0.014739 seconds .

AssetImportWorkerClient::OnTransportError - code=2 error=End of file
