Using pre-set license
Built from '2020.3/staging' branch; Version is '2020.3.13f1 (71691879b7f5) revision 7432472'; Using compiler version '192528614'; Build Type 'Release'
OS: 'Windows 10 Pro; OS build 19043.1348; Version 2009; 64bit' Language: 'zh' Physical Memory: 16315 MB
BatchMode: 1, IsHumanControllingUs: 0, StartBugReporterOnCrash: 0, Is64bit: 1, IsPro: 0

 COMMAND LINE ARGUMENTS:
D:\3D\Unity Hub\Unity\Hub\Editor\2020.3.13f1\Editor\Unity.exe
-adb2
-batchMode
-noUpm
-name
AssetImportWorker0
-projectPath
D:/unity/20210919/smallbetturgame/smallbuttergame/smailbuttergame2021
-logFile
Logs/AssetImportWorker0.log
-srvPort
65153
Successfully changed project path to: D:/unity/20210919/smallbetturgame/smallbuttergame/smailbuttergame2021
D:/unity/20210919/smallbetturgame/smallbuttergame/smailbuttergame2021
Using Asset Import Pipeline V2.
Refreshing native plugins compatible for Editor in 38.28 ms, found 3 plugins.
Preloading 0 native plugins for Editor in 0.00 ms.
Initialize engine version: 2020.3.13f1 (71691879b7f5)
[Subsystems] Discovering subsystems at path D:/3D/Unity Hub/Unity/Hub/Editor/2020.3.13f1/Editor/Data/Resources/UnitySubsystems
[Subsystems] Discovering subsystems at path D:/unity/20210919/smallbetturgame/smallbuttergame/smailbuttergame2021/Assets
GfxDevice: creating device client; threaded=0
Direct3D:
    Version:  Direct3D 11.0 [level 11.1]
    Renderer: NVIDIA GeForce RTX 2060 (ID=0x1e89)
    Vendor:   
    VRAM:     5974 MB
    Driver:   30.0.14.7212
Initialize mono
Mono path[0] = 'D:/3D/Unity Hub/Unity/Hub/Editor/2020.3.13f1/Editor/Data/Managed'
Mono path[1] = 'D:/3D/Unity Hub/Unity/Hub/Editor/2020.3.13f1/Editor/Data/MonoBleedingEdge/lib/mono/unityjit'
Mono config path = 'D:/3D/Unity Hub/Unity/Hub/Editor/2020.3.13f1/Editor/Data/MonoBleedingEdge/etc'
Using monoOptions --debugger-agent=transport=dt_socket,embedding=1,server=y,suspend=n,address=127.0.0.1:56608
Begin MonoManager ReloadAssembly
Registering precompiled unity dll's ...
Register platform support module: D:/3D/Unity Hub/Unity/Hub/Editor/2020.3.13f1/Editor/Data/PlaybackEngines/WindowsStandaloneSupport/UnityEditor.WindowsStandalone.Extensions.dll
Register platform support module: D:/3D/Unity Hub/Unity/Hub/Editor/2020.3.13f1/Editor/Data/PlaybackEngines/LuminSupport/UnityEditor.Lumin.Extensions.dll
Registered in 0.002362 seconds.
Native extension for Lumin target not found
Native extension for WindowsStandalone target not found
Refreshing native plugins compatible for Editor in 36.14 ms, found 3 plugins.
Preloading 0 native plugins for Editor in 0.00 ms.
Mono: successfully reloaded assembly
- Completed reload, in  1.137 seconds
Platform modules already initialized, skipping
Registering precompiled user dll's ...
Registered in 0.003504 seconds.
Begin MonoManager ReloadAssembly
Native extension for Lumin target not found
Native extension for WindowsStandalone target not found
Refreshing native plugins compatible for Editor in 35.65 ms, found 3 plugins.
Preloading 0 native plugins for Editor in 0.00 ms.
Mono: successfully reloaded assembly
- Completed reload, in  0.961 seconds
Platform modules already initialized, skipping
========================================================================
Worker process is ready to serve import requests
Launched and connected shader compiler UnityShaderCompiler.exe after 0.05 seconds
Refreshing native plugins compatible for Editor in 0.46 ms, found 3 plugins.
Preloading 0 native plugins for Editor in 0.00 ms.
Unloading 2084 Unused Serialized files (Serialized files now loaded: 0)
System memory in use before: 95.7 MB.
System memory in use after: 95.7 MB.

Unloading 32 unused Assets to reduce memory usage. Loaded Objects now: 2521.
Total: 2.442200 ms (FindLiveObjects: 0.263200 ms CreateObjectMapping: 0.051400 ms MarkObjects: 2.025300 ms  DeleteObjects: 0.101000 ms)

AssetImportParameters requested are different than current active one (requested -> active):
  custom:framework-win-MediaFoundation: 216162199b28c13a410421893ffa2e32 -> 
  custom:video-decoder-ogg-theora: a1e56fd34408186e4bbccfd4996cb3dc -> 
  custom:container-muxer-webm: aa71ff27fc2769a1b78a27578f13a17b -> 
  custom:container-demuxer-webm: 4f35f7cbe854078d1ac9338744f61a02 -> 
  custom:container-demuxer-ogg: 62fdf1f143b41e24485cea50d1cbac27 -> 
  custom:video-encoder-webm-vp8: eb34c28f22e8b96e1ab97ce403110664 -> 
  custom:video-decoder-webm-vp8: 9c59270c3fd7afecdb556c50c9e8de78 -> 
  custom:audio-decoder-ogg-vorbis: bf7c407c2cedff20999df2af8eb42d56 -> 
  custom:audio-encoder-webm-vorbis: bf7c407c2cedff20999df2af8eb42d56 -> 
========================================================================
Received Import Request.
  path: Assets/素材/Tilesets/TileA2.png
  artifactKey: Guid(d3b43712df137674a994b3a4442f8348) Importer(815301076,1909f56bfc062723c751e8b465ee728b)
Start importing Assets/素材/Tilesets/TileA2.png using Guid(d3b43712df137674a994b3a4442f8348) Importer(815301076,1909f56bfc062723c751e8b465ee728b)  -> (artifact id: 'f9d88b269726cfbfd94de7315c85cde2') in 0.775373 seconds 
  Import took 0.781027 seconds .

========================================================================
Received Import Request.
  Time since last request: 1968.591240 seconds.
  path: Assets/調色盤/TileA4_77.asset
  artifactKey: Guid(6b0b8febc11ad6d4986cef6b6d406f64) Importer(815301076,1909f56bfc062723c751e8b465ee728b)
Start importing Assets/調色盤/TileA4_77.asset using Guid(6b0b8febc11ad6d4986cef6b6d406f64) Importer(815301076,1909f56bfc062723c751e8b465ee728b)  -> (artifact id: 'e9d228908362511c6477c0568f72b433') in 0.018819 seconds 
  Import took 0.022447 seconds .

AssetImportWorkerClient::OnTransportError - code=2 error=End of file
